Using pre-set license
Built from '2021.3/staging' branch; Version is '2021.3.14f1 (eee1884e7226) revision 15655304'; Using compiler version '192829333'; Build Type 'Release'
OS: 'Windows 10  (10.0.14393) 64bit EnterpriseS' Language: 'ru' Physical Memory: 16366 MB
BatchMode: 1, IsHumanControllingUs: 0, StartBugReporterOnCrash: 0, Is64bit: 1, IsPro: 1

COMMAND LINE ARGUMENTS:
D:\2021.3.14f1\Editor\Unity.exe
-adb2
-batchMode
-noUpm
-name
AssetImportWorker0
-projectPath
D:/Repository/FirstUnityProject1/FirstUnityProject
-logFile
Logs/AssetImportWorker0.log
-srvPort
51950
Successfully changed project path to: D:/Repository/FirstUnityProject1/FirstUnityProject
D:/Repository/FirstUnityProject1/FirstUnityProject
[UnityMemory] Configuration Parameters - Can be set up in boot.config
    "memorysetup-bucket-allocator-granularity=16"
    "memorysetup-bucket-allocator-bucket-count=8"
    "memorysetup-bucket-allocator-block-size=33554432"
    "memorysetup-bucket-allocator-block-count=8"
    "memorysetup-main-allocator-block-size=16777216"
    "memorysetup-thread-allocator-block-size=16777216"
    "memorysetup-gfx-main-allocator-block-size=16777216"
    "memorysetup-gfx-thread-allocator-block-size=16777216"
    "memorysetup-cache-allocator-block-size=4194304"
    "memorysetup-typetree-allocator-block-size=2097152"
    "memorysetup-profiler-bucket-allocator-granularity=16"
    "memorysetup-profiler-bucket-allocator-bucket-count=8"
    "memorysetup-profiler-bucket-allocator-block-size=33554432"
    "memorysetup-profiler-bucket-allocator-block-count=8"
    "memorysetup-profiler-allocator-block-size=16777216"
    "memorysetup-profiler-editor-allocator-block-size=1048576"
    "memorysetup-temp-allocator-size-main=16777216"
    "memorysetup-job-temp-allocator-block-size=2097152"
    "memorysetup-job-temp-allocator-block-size-background=1048576"
    "memorysetup-job-temp-allocator-reduction-small-platforms=262144"
    "memorysetup-temp-allocator-size-background-worker=32768"
    "memorysetup-temp-allocator-size-job-worker=262144"
    "memorysetup-temp-allocator-size-preload-manager=33554432"
    "memorysetup-temp-allocator-size-nav-mesh-worker=65536"
    "memorysetup-temp-allocator-size-audio-worker=65536"
    "memorysetup-temp-allocator-size-cloud-worker=32768"
    "memorysetup-temp-allocator-size-gi-baking-worker=262144"
    "memorysetup-temp-allocator-size-gfx=262144"
Unable to join player connection multicast group.
Unable to join player connection alternative multicast group.
Refreshing native plugins compatible for Editor in 112.54 ms, found 3 plugins.
Preloading 0 native plugins for Editor in 0.00 ms.
Initialize engine version: 2021.3.14f1 (eee1884e7226)
[Subsystems] Discovering subsystems at path D:/2021.3.14f1/Editor/Data/Resources/UnitySubsystems
[Subsystems] Discovering subsystems at path D:/Repository/FirstUnityProject1/FirstUnityProject/Assets
GfxDevice: creating device client; threaded=0; jobified=0
Direct3D:
    Version:  Direct3D 11.0 [level 11.0]
    Renderer: NVIDIA GeForce GTX 770 (ID=0x1184)
    Vendor:   NVIDIA
    VRAM:     4052 MB
    Driver:   30.0.14.7347
Initialize mono
Mono path[0] = 'D:/2021.3.14f1/Editor/Data/Managed'
Mono path[1] = 'D:/2021.3.14f1/Editor/Data/MonoBleedingEdge/lib/mono/unityjit-win32'
Mono config path = 'D:/2021.3.14f1/Editor/Data/MonoBleedingEdge/etc'
Using monoOptions --debugger-agent=transport=dt_socket,embedding=1,server=y,suspend=n,address=127.0.0.1:56844
Begin MonoManager ReloadAssembly
Registering precompiled unity dll's ...
Register platform support module: D:/2021.3.14f1/Editor/Data/PlaybackEngines/WebGLSupport/UnityEditor.WebGL.Extensions.dll
Register platform support module: D:/2021.3.14f1/Editor/Data/PlaybackEngines/AndroidPlayer/UnityEditor.Android.Extensions.dll
Register platform support module: D:/2021.3.14f1/Editor/Data/PlaybackEngines/WindowsStandaloneSupport/UnityEditor.WindowsStandalone.Extensions.dll
Registered in 0.004961 seconds.
Native extension for WindowsStandalone target not found
Native extension for Android target not found
Native extension for WebGL target not found
Refreshing native plugins compatible for Editor in 108.07 ms, found 3 plugins.
Preloading 0 native plugins for Editor in 0.00 ms.
Mono: successfully reloaded assembly
- Completed reload, in  0.966 seconds
Domain Reload Profiling:
	ReloadAssembly (967ms)
		BeginReloadAssembly (132ms)
			ExecutionOrderSort (0ms)
			DisableScriptedObjects (0ms)
			BackupInstance (0ms)
			ReleaseScriptingObjects (0ms)
			CreateAndSetChildDomain (1ms)
		EndReloadAssembly (690ms)
			LoadAssemblies (132ms)
			RebuildTransferFunctionScriptingTraits (0ms)
			SetupTypeCache (155ms)
			ReleaseScriptCaches (0ms)
			RebuildScriptCaches (43ms)
			SetupLoadedEditorAssemblies (423ms)
				LogAssemblyErrors (0ms)
				InitializePlatformSupportModulesInManaged (80ms)
				SetLoadedEditorAssemblies (0ms)
				RefreshPlugins (108ms)
				BeforeProcessingInitializeOnLoad (2ms)
				ProcessInitializeOnLoadAttributes (166ms)
				ProcessInitializeOnLoadMethodAttributes (66ms)
				AfterProcessingInitializeOnLoad (0ms)
				EditorAssembliesLoaded (0ms)
			ExecutionOrderSort2 (0ms)
			AwakeInstancesAfterBackupRestoration (0ms)
Platform modules already initialized, skipping
Registering precompiled user dll's ...
Registered in 0.009243 seconds.
Begin MonoManager ReloadAssembly
Symbol file LoadedFromMemory doesn't match image D:\Repository\FirstUnityProject1\FirstUnityProject\Library\PackageCache\com.unity.visualscripting@1.7.8\Editor\VisualScripting.Core\Dependencies\YamlDotNet\Unity.VisualScripting.YamlDotNet.dll
Symbol file LoadedFromMemory doesn't match image D:\Repository\FirstUnityProject1\FirstUnityProject\Library\PackageCache\com.unity.visualscripting@1.7.8\Editor\VisualScripting.Core\Dependencies\DotNetZip\Unity.VisualScripting.IonicZip.dll
Native extension for WindowsStandalone target not found
Native extension for Android target not found
Native extension for WebGL target not found
Refreshing native plugins compatible for Editor in 0.75 ms, found 3 plugins.
Preloading 0 native plugins for Editor in 0.00 ms.
Mono: successfully reloaded assembly
- Completed reload, in  1.574 seconds
Domain Reload Profiling:
	ReloadAssembly (1575ms)
		BeginReloadAssembly (316ms)
			ExecutionOrderSort (0ms)
			DisableScriptedObjects (9ms)
			BackupInstance (0ms)
			ReleaseScriptingObjects (0ms)
			CreateAndSetChildDomain (171ms)
		EndReloadAssembly (1107ms)
			LoadAssemblies (137ms)
			RebuildTransferFunctionScriptingTraits (0ms)
			SetupTypeCache (374ms)
			ReleaseScriptCaches (1ms)
			RebuildScriptCaches (70ms)
			SetupLoadedEditorAssemblies (489ms)
				LogAssemblyErrors (0ms)
				InitializePlatformSupportModulesInManaged (19ms)
				SetLoadedEditorAssemblies (1ms)
				RefreshPlugins (1ms)
				BeforeProcessingInitializeOnLoad (115ms)
				ProcessInitializeOnLoadAttributes (315ms)
				ProcessInitializeOnLoadMethodAttributes (33ms)
				AfterProcessingInitializeOnLoad (5ms)
				EditorAssembliesLoaded (0ms)
			ExecutionOrderSort2 (0ms)
			AwakeInstancesAfterBackupRestoration (10ms)
Platform modules already initialized, skipping
========================================================================
Worker process is ready to serve import requests
Launched and connected shader compiler UnityShaderCompiler.exe after 0.06 seconds
Refreshing native plugins compatible for Editor in 0.73 ms, found 3 plugins.
Preloading 0 native plugins for Editor in 0.00 ms.
Unloading 3351 Unused Serialized files (Serialized files now loaded: 0)
Unloading 27 unused Assets / (113.5 KB). Loaded Objects now: 3810.
Memory consumption went from 115.5 MB to 115.4 MB.
Total: 4.419899 ms (FindLiveObjects: 0.333172 ms CreateObjectMapping: 0.154298 ms MarkObjects: 3.763198 ms  DeleteObjects: 0.167675 ms)

AssetImportParameters requested are different than current active one (requested -> active):
  custom:video-decoder-ogg-theora: a1e56fd34408186e4bbccfd4996cb3dc -> 
  custom:container-muxer-webm: aa71ff27fc2769a1b78a27578f13a17b -> 
  custom:container-demuxer-webm: 4f35f7cbe854078d1ac9338744f61a02 -> 
  custom:video-encoder-webm-vp8: eb34c28f22e8b96e1ab97ce403110664 -> 
  custom:video-codec-MediaFoundation-h265: 55f8c8538cf0483ab7069ead6b737db2 -> 
  custom:audio-encoder-webm-vorbis: bf7c407c2cedff20999df2af8eb42d56 -> 
  custom:framework-win-MediaFoundation: 216162199b28c13a410421893ffa2e32 -> 
  custom:container-demuxer-ogg: 62fdf1f143b41e24485cea50d1cbac27 -> 
  custom:video-decoder-webm-vp8: 9c59270c3fd7afecdb556c50c9e8de78 -> 
  custom:audio-decoder-ogg-vorbis: bf7c407c2cedff20999df2af8eb42d56 -> 
========================================================================
Received Import Request.
  Time since last request: 76119.417965 seconds.
  path: Assets/Scenes/Materials/New Material.mat
  artifactKey: Guid(bbd65aebfe0f4f6498d2606e361bb998) Importer(815301076,1909f56bfc062723c751e8b465ee728b)
Start importing Assets/Scenes/Materials/New Material.mat using Guid(bbd65aebfe0f4f6498d2606e361bb998) Importer(815301076,1909f56bfc062723c751e8b465ee728b)  -> (artifact id: '72fb6cbbef5135dd3eda71527897b299') in 0.163569 seconds 
========================================================================
Received Import Request.
  Time since last request: 0.000025 seconds.
  path: Assets/Scenes/Materials
  artifactKey: Guid(9bf717523f51de645b3aacd9910807e4) Importer(815301076,1909f56bfc062723c751e8b465ee728b)
Start importing Assets/Scenes/Materials using Guid(9bf717523f51de645b3aacd9910807e4) Importer(815301076,1909f56bfc062723c751e8b465ee728b)  -> (artifact id: '11c4c30c4d4545222acf4ec60778f922') in 0.002089 seconds 
========================================================================
Received Import Request.
  Time since last request: 791.638706 seconds.
  path: Assets/Scenes/Objects/RocksBrink/RocksRightBrink.prefab
  artifactKey: Guid(8f0a7b8b5f2a81d45b3a016c21fbcaf2) Importer(815301076,1909f56bfc062723c751e8b465ee728b)
Start importing Assets/Scenes/Objects/RocksBrink/RocksRightBrink.prefab using Guid(8f0a7b8b5f2a81d45b3a016c21fbcaf2) Importer(815301076,1909f56bfc062723c751e8b465ee728b)  -> (artifact id: '424414af5565f6e2c74eabcae2d71f9d') in 0.044559 seconds 
========================================================================
Received Import Request.
  Time since last request: 279.616960 seconds.
  path: Assets/Scenes/Objects/RocksBrink/RocksRightBrink.prefab
  artifactKey: Guid(8f0a7b8b5f2a81d45b3a016c21fbcaf2) Importer(815301076,1909f56bfc062723c751e8b465ee728b)
Start importing Assets/Scenes/Objects/RocksBrink/RocksRightBrink.prefab using Guid(8f0a7b8b5f2a81d45b3a016c21fbcaf2) Importer(815301076,1909f56bfc062723c751e8b465ee728b)  -> (artifact id: '67936d03d3a411cea29c9d6d038823a7') in 0.020916 seconds 
========================================================================
Received Import Request.
  Time since last request: 51.057290 seconds.
  path: Assets/Scenes/Objects/RocksBrink/RocksRightBrink.prefab
  artifactKey: Guid(8f0a7b8b5f2a81d45b3a016c21fbcaf2) Importer(815301076,1909f56bfc062723c751e8b465ee728b)
Start importing Assets/Scenes/Objects/RocksBrink/RocksRightBrink.prefab using Guid(8f0a7b8b5f2a81d45b3a016c21fbcaf2) Importer(815301076,1909f56bfc062723c751e8b465ee728b)  -> (artifact id: '38e42f3c7df90341c16ddf4ca4322e91') in 0.025050 seconds 
========================================================================
Received Import Request.
  Time since last request: 165.227890 seconds.
  path: Assets/Scenes/Objects/StoneWall/StoneWall.prefab
  artifactKey: Guid(3d1c2773f8607b44486d935171cee3da) Importer(815301076,1909f56bfc062723c751e8b465ee728b)
Start importing Assets/Scenes/Objects/StoneWall/StoneWall.prefab using Guid(3d1c2773f8607b44486d935171cee3da) Importer(815301076,1909f56bfc062723c751e8b465ee728b)  -> (artifact id: '0c306beb17e4c848c07a189a9a4ac8a7') in 0.037341 seconds 
========================================================================
Received Import Request.
  Time since last request: 456.498220 seconds.
  path: Assets/Scenes/Objects/StoneWall/StoneHalfWall (21).prefab
  artifactKey: Guid(dde57ea3a6c918d4a820b023f4c89eec) Importer(815301076,1909f56bfc062723c751e8b465ee728b)
Start importing Assets/Scenes/Objects/StoneWall/StoneHalfWall (21).prefab using Guid(dde57ea3a6c918d4a820b023f4c89eec) Importer(815301076,1909f56bfc062723c751e8b465ee728b)  -> (artifact id: '1c31b1d709263067e070d8d62380cd47') in 0.023395 seconds 
========================================================================
Received Import Request.
  Time since last request: 102.922044 seconds.
  path: Assets/Scenes/Objects/StoneWall/StoneHalfWall (21).prefab
  artifactKey: Guid(dde57ea3a6c918d4a820b023f4c89eec) Importer(815301076,1909f56bfc062723c751e8b465ee728b)
Start importing Assets/Scenes/Objects/StoneWall/StoneHalfWall (21).prefab using Guid(dde57ea3a6c918d4a820b023f4c89eec) Importer(815301076,1909f56bfc062723c751e8b465ee728b)  -> (artifact id: 'ec8c209fbdbfc7223170331846bc5860') in 0.023447 seconds 
========================================================================
Received Import Request.
  Time since last request: 318.998542 seconds.
  path: Assets/Scenes/Objects/StoneWall/StoneWall.prefab
  artifactKey: Guid(3d1c2773f8607b44486d935171cee3da) Importer(815301076,1909f56bfc062723c751e8b465ee728b)
Start importing Assets/Scenes/Objects/StoneWall/StoneWall.prefab using Guid(3d1c2773f8607b44486d935171cee3da) Importer(815301076,1909f56bfc062723c751e8b465ee728b)  -> (artifact id: '5d97db2a5119c7b26d354b0a78db8698') in 0.028039 seconds 
========================================================================
Received Import Request.
  Time since last request: 2.419662 seconds.
  path: Assets/Scenes/Objects/StoneWall/StoneWall.prefab
  artifactKey: Guid(3d1c2773f8607b44486d935171cee3da) Importer(815301076,1909f56bfc062723c751e8b465ee728b)
Start importing Assets/Scenes/Objects/StoneWall/StoneWall.prefab using Guid(3d1c2773f8607b44486d935171cee3da) Importer(815301076,1909f56bfc062723c751e8b465ee728b)  -> (artifact id: '2dac7487b89261960df2443b57dd54a8') in 0.027594 seconds 
========================================================================
Received Import Request.
  Time since last request: 3.240341 seconds.
  path: Assets/Scenes/Objects/StoneWall/StoneWall.prefab
  artifactKey: Guid(3d1c2773f8607b44486d935171cee3da) Importer(815301076,1909f56bfc062723c751e8b465ee728b)
Start importing Assets/Scenes/Objects/StoneWall/StoneWall.prefab using Guid(3d1c2773f8607b44486d935171cee3da) Importer(815301076,1909f56bfc062723c751e8b465ee728b)  -> (artifact id: '04246e0fc72145c9d11e22c2b80ea716') in 0.027516 seconds 
========================================================================
Received Import Request.
  Time since last request: 6.047794 seconds.
  path: Assets/Scenes/Objects/StoneWall/StoneWall.prefab
  artifactKey: Guid(3d1c2773f8607b44486d935171cee3da) Importer(815301076,1909f56bfc062723c751e8b465ee728b)
Start importing Assets/Scenes/Objects/StoneWall/StoneWall.prefab using Guid(3d1c2773f8607b44486d935171cee3da) Importer(815301076,1909f56bfc062723c751e8b465ee728b)  -> (artifact id: '810ab8490fc34614e8b897741123a664') in 0.025631 seconds 
========================================================================
Received Import Request.
  Time since last request: 5.675662 seconds.
  path: Assets/Scenes/Objects/StoneWall/StoneWall.prefab
  artifactKey: Guid(3d1c2773f8607b44486d935171cee3da) Importer(815301076,1909f56bfc062723c751e8b465ee728b)
Start importing Assets/Scenes/Objects/StoneWall/StoneWall.prefab using Guid(3d1c2773f8607b44486d935171cee3da) Importer(815301076,1909f56bfc062723c751e8b465ee728b)  -> (artifact id: '11ea0435b48f625257da33068a2c5885') in 0.027142 seconds 
========================================================================
Received Import Request.
  Time since last request: 10.687077 seconds.
  path: Assets/Scenes/Objects/StoneWall/StoneWall.prefab
  artifactKey: Guid(3d1c2773f8607b44486d935171cee3da) Importer(815301076,1909f56bfc062723c751e8b465ee728b)
Start importing Assets/Scenes/Objects/StoneWall/StoneWall.prefab using Guid(3d1c2773f8607b44486d935171cee3da) Importer(815301076,1909f56bfc062723c751e8b465ee728b)  -> (artifact id: '83ec73ec80ccd13aebc8928f98459fa4') in 0.025192 seconds 
========================================================================
Received Import Request.
  Time since last request: 9.715355 seconds.
  path: Assets/Scenes/Objects/StoneWall/StoneWall.prefab
  artifactKey: Guid(3d1c2773f8607b44486d935171cee3da) Importer(815301076,1909f56bfc062723c751e8b465ee728b)
Start importing Assets/Scenes/Objects/StoneWall/StoneWall.prefab using Guid(3d1c2773f8607b44486d935171cee3da) Importer(815301076,1909f56bfc062723c751e8b465ee728b)  -> (artifact id: '128c25d0c7e3442bf2db8c931123cdb7') in 0.033216 seconds 
========================================================================
Received Import Request.
  Time since last request: 12.158660 seconds.
  path: Assets/Scenes/Objects/StoneWall/StoneWall.prefab
  artifactKey: Guid(3d1c2773f8607b44486d935171cee3da) Importer(815301076,1909f56bfc062723c751e8b465ee728b)
Start importing Assets/Scenes/Objects/StoneWall/StoneWall.prefab using Guid(3d1c2773f8607b44486d935171cee3da) Importer(815301076,1909f56bfc062723c751e8b465ee728b)  -> (artifact id: 'ff1b7e3d6dbb74b20df498241c1ca312') in 0.026958 seconds 
========================================================================
Received Import Request.
  Time since last request: 3.455123 seconds.
  path: Assets/Scenes/Objects/StoneWall/StoneWall.prefab
  artifactKey: Guid(3d1c2773f8607b44486d935171cee3da) Importer(815301076,1909f56bfc062723c751e8b465ee728b)
Start importing Assets/Scenes/Objects/StoneWall/StoneWall.prefab using Guid(3d1c2773f8607b44486d935171cee3da) Importer(815301076,1909f56bfc062723c751e8b465ee728b)  -> (artifact id: '40999652cb1b1c9f2839b20eb14249ef') in 0.025692 seconds 
========================================================================
Received Import Request.
  Time since last request: 11.165986 seconds.
  path: Assets/Scenes/Objects/StoneWall/StoneWall.prefab
  artifactKey: Guid(3d1c2773f8607b44486d935171cee3da) Importer(815301076,1909f56bfc062723c751e8b465ee728b)
Start importing Assets/Scenes/Objects/StoneWall/StoneWall.prefab using Guid(3d1c2773f8607b44486d935171cee3da) Importer(815301076,1909f56bfc062723c751e8b465ee728b)  -> (artifact id: '8b2c67673f000a88d0d7ca7fc5958887') in 0.027128 seconds 
========================================================================
Received Import Request.
  Time since last request: 16.565575 seconds.
  path: Assets/Scenes/Objects/StoneWall/StoneWall.prefab
  artifactKey: Guid(3d1c2773f8607b44486d935171cee3da) Importer(815301076,1909f56bfc062723c751e8b465ee728b)
Start importing Assets/Scenes/Objects/StoneWall/StoneWall.prefab using Guid(3d1c2773f8607b44486d935171cee3da) Importer(815301076,1909f56bfc062723c751e8b465ee728b)  -> (artifact id: 'c6821f1ca06d46f8f5d50fb4a82e292e') in 0.027317 seconds 
========================================================================
Received Import Request.
  Time since last request: 12.717083 seconds.
  path: Assets/Scenes/Objects/StoneWall/StoneWall.prefab
  artifactKey: Guid(3d1c2773f8607b44486d935171cee3da) Importer(815301076,1909f56bfc062723c751e8b465ee728b)
Start importing Assets/Scenes/Objects/StoneWall/StoneWall.prefab using Guid(3d1c2773f8607b44486d935171cee3da) Importer(815301076,1909f56bfc062723c751e8b465ee728b)  -> (artifact id: '69114792dcb2887bcd0c07cb694ca689') in 0.030661 seconds 
========================================================================
Received Import Request.
  Time since last request: 27.253027 seconds.
  path: Assets/Scenes/Objects/StoneWall/StoneWall.prefab
  artifactKey: Guid(3d1c2773f8607b44486d935171cee3da) Importer(815301076,1909f56bfc062723c751e8b465ee728b)
Start importing Assets/Scenes/Objects/StoneWall/StoneWall.prefab using Guid(3d1c2773f8607b44486d935171cee3da) Importer(815301076,1909f56bfc062723c751e8b465ee728b)  -> (artifact id: '1fff81bd7aad7416b8217084a80d837b') in 0.026037 seconds 
========================================================================
Received Import Request.
  Time since last request: 13.610773 seconds.
  path: Assets/Scenes/Objects/StoneWall/StoneWall.prefab
  artifactKey: Guid(3d1c2773f8607b44486d935171cee3da) Importer(815301076,1909f56bfc062723c751e8b465ee728b)
Start importing Assets/Scenes/Objects/StoneWall/StoneWall.prefab using Guid(3d1c2773f8607b44486d935171cee3da) Importer(815301076,1909f56bfc062723c751e8b465ee728b)  -> (artifact id: '6dd85a88af1af7297ffac8bb222fd987') in 0.029465 seconds 
========================================================================
Received Import Request.
  Time since last request: 12.514629 seconds.
  path: Assets/Scenes/Objects/StoneWall/StoneWall.prefab
  artifactKey: Guid(3d1c2773f8607b44486d935171cee3da) Importer(815301076,1909f56bfc062723c751e8b465ee728b)
Start importing Assets/Scenes/Objects/StoneWall/StoneWall.prefab using Guid(3d1c2773f8607b44486d935171cee3da) Importer(815301076,1909f56bfc062723c751e8b465ee728b)  -> (artifact id: 'df52cdcf27de457b5590ae5415c0970a') in 0.026265 seconds 
========================================================================
Received Import Request.
  Time since last request: 14.564016 seconds.
  path: Assets/Scenes/Objects/StoneWall/StoneWall.prefab
  artifactKey: Guid(3d1c2773f8607b44486d935171cee3da) Importer(815301076,1909f56bfc062723c751e8b465ee728b)
Start importing Assets/Scenes/Objects/StoneWall/StoneWall.prefab using Guid(3d1c2773f8607b44486d935171cee3da) Importer(815301076,1909f56bfc062723c751e8b465ee728b)  -> (artifact id: 'c575e0dee9f9c4048a363b397721e258') in 0.026446 seconds 
========================================================================
Received Import Request.
  Time since last request: 26.118747 seconds.
  path: Assets/Scenes/Objects/StoneWall/StoneWall.prefab
  artifactKey: Guid(3d1c2773f8607b44486d935171cee3da) Importer(815301076,1909f56bfc062723c751e8b465ee728b)
Start importing Assets/Scenes/Objects/StoneWall/StoneWall.prefab using Guid(3d1c2773f8607b44486d935171cee3da) Importer(815301076,1909f56bfc062723c751e8b465ee728b)  -> (artifact id: '67b848ab5ddb9c704e3d725f1eab0dc8') in 0.026892 seconds 
========================================================================
Received Import Request.
  Time since last request: 16.001516 seconds.
  path: Assets/Scenes/Objects/StoneWall/StoneWall.prefab
  artifactKey: Guid(3d1c2773f8607b44486d935171cee3da) Importer(815301076,1909f56bfc062723c751e8b465ee728b)
Start importing Assets/Scenes/Objects/StoneWall/StoneWall.prefab using Guid(3d1c2773f8607b44486d935171cee3da) Importer(815301076,1909f56bfc062723c751e8b465ee728b)  -> (artifact id: 'df883eb0fce7f6ce6421277b33791d4b') in 0.025875 seconds 
========================================================================
Received Import Request.
  Time since last request: 14.018676 seconds.
  path: Assets/Scenes/Objects/StoneWall/StoneWall.prefab
  artifactKey: Guid(3d1c2773f8607b44486d935171cee3da) Importer(815301076,1909f56bfc062723c751e8b465ee728b)
Start importing Assets/Scenes/Objects/StoneWall/StoneWall.prefab using Guid(3d1c2773f8607b44486d935171cee3da) Importer(815301076,1909f56bfc062723c751e8b465ee728b)  -> (artifact id: '44dbd8e64b6027fe29e2641fe6de403b') in 0.027119 seconds 
========================================================================
Received Import Request.
  Time since last request: 12.749422 seconds.
  path: Assets/Scenes/Objects/StoneWall/StoneWall.prefab
  artifactKey: Guid(3d1c2773f8607b44486d935171cee3da) Importer(815301076,1909f56bfc062723c751e8b465ee728b)
Start importing Assets/Scenes/Objects/StoneWall/StoneWall.prefab using Guid(3d1c2773f8607b44486d935171cee3da) Importer(815301076,1909f56bfc062723c751e8b465ee728b)  -> (artifact id: '109f0240904330210a7ad436663ad2f6') in 0.026776 seconds 
========================================================================
Received Import Request.
  Time since last request: 15.565434 seconds.
  path: Assets/Scenes/Objects/StoneWall/StoneWall.prefab
  artifactKey: Guid(3d1c2773f8607b44486d935171cee3da) Importer(815301076,1909f56bfc062723c751e8b465ee728b)
Start importing Assets/Scenes/Objects/StoneWall/StoneWall.prefab using Guid(3d1c2773f8607b44486d935171cee3da) Importer(815301076,1909f56bfc062723c751e8b465ee728b)  -> (artifact id: 'ba487eda7404d689cd224a920476de59') in 0.025542 seconds 
========================================================================
Received Import Request.
  Time since last request: 12.320121 seconds.
  path: Assets/Scenes/Objects/StoneWall/StoneWall.prefab
  artifactKey: Guid(3d1c2773f8607b44486d935171cee3da) Importer(815301076,1909f56bfc062723c751e8b465ee728b)
Start importing Assets/Scenes/Objects/StoneWall/StoneWall.prefab using Guid(3d1c2773f8607b44486d935171cee3da) Importer(815301076,1909f56bfc062723c751e8b465ee728b)  -> (artifact id: '2ac28ab6207eda8febbfb9b3967ff5b2') in 0.030259 seconds 
========================================================================
Received Import Request.
  Time since last request: 12.726088 seconds.
  path: Assets/Scenes/Objects/StoneWall/StoneWall.prefab
  artifactKey: Guid(3d1c2773f8607b44486d935171cee3da) Importer(815301076,1909f56bfc062723c751e8b465ee728b)
Start importing Assets/Scenes/Objects/StoneWall/StoneWall.prefab using Guid(3d1c2773f8607b44486d935171cee3da) Importer(815301076,1909f56bfc062723c751e8b465ee728b)  -> (artifact id: 'ba76dbebff0cd93283d0ac881658113c') in 0.027048 seconds 
========================================================================
Received Import Request.
  Time since last request: 6.057265 seconds.
  path: Assets/Scenes/Objects/StoneWall/StoneWall.prefab
  artifactKey: Guid(3d1c2773f8607b44486d935171cee3da) Importer(815301076,1909f56bfc062723c751e8b465ee728b)
Start importing Assets/Scenes/Objects/StoneWall/StoneWall.prefab using Guid(3d1c2773f8607b44486d935171cee3da) Importer(815301076,1909f56bfc062723c751e8b465ee728b)  -> (artifact id: 'c9f7c9c85d0385cc9f9db401bb692e4b') in 0.025864 seconds 
========================================================================
Received Import Request.
  Time since last request: 16.159497 seconds.
  path: Assets/Scenes/Objects/StoneWall/StoneWall.prefab
  artifactKey: Guid(3d1c2773f8607b44486d935171cee3da) Importer(815301076,1909f56bfc062723c751e8b465ee728b)
Start importing Assets/Scenes/Objects/StoneWall/StoneWall.prefab using Guid(3d1c2773f8607b44486d935171cee3da) Importer(815301076,1909f56bfc062723c751e8b465ee728b)  -> (artifact id: 'f2703dc7fa7f3cd62db717b8efa49bfd') in 0.027734 seconds 
========================================================================
Received Import Request.
  Time since last request: 19.027264 seconds.
  path: Assets/Scenes/Objects/StoneWall/StoneWall.prefab
  artifactKey: Guid(3d1c2773f8607b44486d935171cee3da) Importer(815301076,1909f56bfc062723c751e8b465ee728b)
Start importing Assets/Scenes/Objects/StoneWall/StoneWall.prefab using Guid(3d1c2773f8607b44486d935171cee3da) Importer(815301076,1909f56bfc062723c751e8b465ee728b)  -> (artifact id: 'c55679fb79c6c52afd4803273c9a76b4') in 0.032984 seconds 
========================================================================
Received Import Request.
  Time since last request: 12.129166 seconds.
  path: Assets/Scenes/Objects/StoneWall/StoneWall.prefab
  artifactKey: Guid(3d1c2773f8607b44486d935171cee3da) Importer(815301076,1909f56bfc062723c751e8b465ee728b)
Start importing Assets/Scenes/Objects/StoneWall/StoneWall.prefab using Guid(3d1c2773f8607b44486d935171cee3da) Importer(815301076,1909f56bfc062723c751e8b465ee728b)  -> (artifact id: '501fa0d9c0ea4f0570101389be19d7f7') in 0.027126 seconds 
========================================================================
Received Import Request.
  Time since last request: 14.747603 seconds.
  path: Assets/Scenes/Objects/StoneWall/StoneWall.prefab
  artifactKey: Guid(3d1c2773f8607b44486d935171cee3da) Importer(815301076,1909f56bfc062723c751e8b465ee728b)
Start importing Assets/Scenes/Objects/StoneWall/StoneWall.prefab using Guid(3d1c2773f8607b44486d935171cee3da) Importer(815301076,1909f56bfc062723c751e8b465ee728b)  -> (artifact id: 'e7f54508718ba11f968988dd54904daa') in 0.027198 seconds 
========================================================================
Received Import Request.
  Time since last request: 42.368365 seconds.
  path: Assets/Scenes/Objects/StoneWall/StoneWall.prefab
  artifactKey: Guid(3d1c2773f8607b44486d935171cee3da) Importer(815301076,1909f56bfc062723c751e8b465ee728b)
Start importing Assets/Scenes/Objects/StoneWall/StoneWall.prefab using Guid(3d1c2773f8607b44486d935171cee3da) Importer(815301076,1909f56bfc062723c751e8b465ee728b)  -> (artifact id: '35855db7c001f35082f601231acbe4a4') in 0.033377 seconds 
========================================================================
Received Import Request.
  Time since last request: 16.186834 seconds.
  path: Assets/Scenes/Objects/StoneWall/StoneWall.prefab
  artifactKey: Guid(3d1c2773f8607b44486d935171cee3da) Importer(815301076,1909f56bfc062723c751e8b465ee728b)
Start importing Assets/Scenes/Objects/StoneWall/StoneWall.prefab using Guid(3d1c2773f8607b44486d935171cee3da) Importer(815301076,1909f56bfc062723c751e8b465ee728b)  -> (artifact id: '637080ac7acf0891416b90068db58d9c') in 0.026759 seconds 
========================================================================
Received Import Request.
  Time since last request: 8.474145 seconds.
  path: Assets/Scenes/Objects/StoneWall/StoneWall.prefab
  artifactKey: Guid(3d1c2773f8607b44486d935171cee3da) Importer(815301076,1909f56bfc062723c751e8b465ee728b)
Start importing Assets/Scenes/Objects/StoneWall/StoneWall.prefab using Guid(3d1c2773f8607b44486d935171cee3da) Importer(815301076,1909f56bfc062723c751e8b465ee728b)  -> (artifact id: '8a8bea698762797b90e2211eeb25b56d') in 0.032193 seconds 
========================================================================
Received Import Request.
  Time since last request: 6.874568 seconds.
  path: Assets/Scenes/Objects/StoneWall/StoneWall.prefab
  artifactKey: Guid(3d1c2773f8607b44486d935171cee3da) Importer(815301076,1909f56bfc062723c751e8b465ee728b)
Start importing Assets/Scenes/Objects/StoneWall/StoneWall.prefab using Guid(3d1c2773f8607b44486d935171cee3da) Importer(815301076,1909f56bfc062723c751e8b465ee728b)  -> (artifact id: '3f9c95ef589bc33f5677de682f2bff74') in 0.031391 seconds 
========================================================================
Received Import Request.
  Time since last request: 10.501348 seconds.
  path: Assets/Scenes/Objects/StoneWall/StoneWall.prefab
  artifactKey: Guid(3d1c2773f8607b44486d935171cee3da) Importer(815301076,1909f56bfc062723c751e8b465ee728b)
Start importing Assets/Scenes/Objects/StoneWall/StoneWall.prefab using Guid(3d1c2773f8607b44486d935171cee3da) Importer(815301076,1909f56bfc062723c751e8b465ee728b)  -> (artifact id: '87694c0dfaf827ce5f65d2498e34e008') in 0.026964 seconds 
========================================================================
Received Import Request.
  Time since last request: 5.055520 seconds.
  path: Assets/Scenes/Objects/StoneWall/StoneWall.prefab
  artifactKey: Guid(3d1c2773f8607b44486d935171cee3da) Importer(815301076,1909f56bfc062723c751e8b465ee728b)
Start importing Assets/Scenes/Objects/StoneWall/StoneWall.prefab using Guid(3d1c2773f8607b44486d935171cee3da) Importer(815301076,1909f56bfc062723c751e8b465ee728b)  -> (artifact id: '85bbc5515e593f3cce3c628f091231f0') in 0.026604 seconds 
========================================================================
Received Import Request.
  Time since last request: 8.477248 seconds.
  path: Assets/Scenes/Objects/StoneWall/StoneWall.prefab
  artifactKey: Guid(3d1c2773f8607b44486d935171cee3da) Importer(815301076,1909f56bfc062723c751e8b465ee728b)
Start importing Assets/Scenes/Objects/StoneWall/StoneWall.prefab using Guid(3d1c2773f8607b44486d935171cee3da) Importer(815301076,1909f56bfc062723c751e8b465ee728b)  -> (artifact id: '951b3ae793517a11b7b6c74f2df490b0') in 0.026342 seconds 
========================================================================
Received Import Request.
  Time since last request: 187.693064 seconds.
  path: Assets/Scenes/Objects/StoneWall/StoneWall.prefab
  artifactKey: Guid(3d1c2773f8607b44486d935171cee3da) Importer(815301076,1909f56bfc062723c751e8b465ee728b)
Start importing Assets/Scenes/Objects/StoneWall/StoneWall.prefab using Guid(3d1c2773f8607b44486d935171cee3da) Importer(815301076,1909f56bfc062723c751e8b465ee728b)  -> (artifact id: '9fcaf14353026bdcae7718e1c88de797') in 0.031936 seconds 
========================================================================
Received Import Request.
  Time since last request: 13.962568 seconds.
  path: Assets/Scenes/Objects/StoneWall/StoneWall.prefab
  artifactKey: Guid(3d1c2773f8607b44486d935171cee3da) Importer(815301076,1909f56bfc062723c751e8b465ee728b)
Start importing Assets/Scenes/Objects/StoneWall/StoneWall.prefab using Guid(3d1c2773f8607b44486d935171cee3da) Importer(815301076,1909f56bfc062723c751e8b465ee728b)  -> (artifact id: '37e911ca3941bab7ddc3aea9825df06b') in 0.034276 seconds 
